running egg_info
creating ../../build/bansal_object_follower/bansal_object_follower.egg-info
writing ../../build/bansal_object_follower/bansal_object_follower.egg-info/PKG-INFO
writing dependency_links to ../../build/bansal_object_follower/bansal_object_follower.egg-info/dependency_links.txt
writing entry points to ../../build/bansal_object_follower/bansal_object_follower.egg-info/entry_points.txt
writing requirements to ../../build/bansal_object_follower/bansal_object_follower.egg-info/requires.txt
writing top-level names to ../../build/bansal_object_follower/bansal_object_follower.egg-info/top_level.txt
writing manifest file '../../build/bansal_object_follower/bansal_object_follower.egg-info/SOURCES.txt'
reading manifest file '../../build/bansal_object_follower/bansal_object_follower.egg-info/SOURCES.txt'
adding license file 'LICENSE'
writing manifest file '../../build/bansal_object_follower/bansal_object_follower.egg-info/SOURCES.txt'
running build
running build_py
creating /home/argon/Documents/RoboResearch/A2/build/bansal_object_follower/build
creating /home/argon/Documents/RoboResearch/A2/build/bansal_object_follower/build/lib
creating /home/argon/Documents/RoboResearch/A2/build/bansal_object_follower/build/lib/bansal_object_follower
copying bansal_object_follower/__init__.py -> /home/argon/Documents/RoboResearch/A2/build/bansal_object_follower/build/lib/bansal_object_follower
copying bansal_object_follower/rotate_robot.py -> /home/argon/Documents/RoboResearch/A2/build/bansal_object_follower/build/lib/bansal_object_follower
copying bansal_object_follower/find_object.py -> /home/argon/Documents/RoboResearch/A2/build/bansal_object_follower/build/lib/bansal_object_follower
running install
running install_lib
creating /home/argon/Documents/RoboResearch/A2/install/bansal_object_follower/lib/python3.10/site-packages/bansal_object_follower
copying /home/argon/Documents/RoboResearch/A2/build/bansal_object_follower/build/lib/bansal_object_follower/__init__.py -> /home/argon/Documents/RoboResearch/A2/install/bansal_object_follower/lib/python3.10/site-packages/bansal_object_follower
copying /home/argon/Documents/RoboResearch/A2/build/bansal_object_follower/build/lib/bansal_object_follower/rotate_robot.py -> /home/argon/Documents/RoboResearch/A2/install/bansal_object_follower/lib/python3.10/site-packages/bansal_object_follower
copying /home/argon/Documents/RoboResearch/A2/build/bansal_object_follower/build/lib/bansal_object_follower/find_object.py -> /home/argon/Documents/RoboResearch/A2/install/bansal_object_follower/lib/python3.10/site-packages/bansal_object_follower
byte-compiling /home/argon/Documents/RoboResearch/A2/install/bansal_object_follower/lib/python3.10/site-packages/bansal_object_follower/__init__.py to __init__.cpython-310.pyc
byte-compiling /home/argon/Documents/RoboResearch/A2/install/bansal_object_follower/lib/python3.10/site-packages/bansal_object_follower/rotate_robot.py to rotate_robot.cpython-310.pyc
byte-compiling /home/argon/Documents/RoboResearch/A2/install/bansal_object_follower/lib/python3.10/site-packages/bansal_object_follower/find_object.py to find_object.cpython-310.pyc
running install_data
creating /home/argon/Documents/RoboResearch/A2/install/bansal_object_follower/share/ament_index
creating /home/argon/Documents/RoboResearch/A2/install/bansal_object_follower/share/ament_index/resource_index
creating /home/argon/Documents/RoboResearch/A2/install/bansal_object_follower/share/ament_index/resource_index/packages
copying resource/bansal_object_follower -> /home/argon/Documents/RoboResearch/A2/install/bansal_object_follower/share/ament_index/resource_index/packages
copying package.xml -> /home/argon/Documents/RoboResearch/A2/install/bansal_object_follower/share/bansal_object_follower
running install_egg_info
Copying ../../build/bansal_object_follower/bansal_object_follower.egg-info to /home/argon/Documents/RoboResearch/A2/install/bansal_object_follower/lib/python3.10/site-packages/bansal_object_follower-0.0.0-py3.10.egg-info
running install_scripts
Installing find_object script to /home/argon/Documents/RoboResearch/A2/install/bansal_object_follower/lib/bansal_object_follower
Installing rotate_robot script to /home/argon/Documents/RoboResearch/A2/install/bansal_object_follower/lib/bansal_object_follower
writing list of installed files to '/home/argon/Documents/RoboResearch/A2/build/bansal_object_follower/install.log'
