[0.779s] Invoking command in '/home/argon/Documents/RoboResearch/A2/src/bansal_object_follower': CONDA_PROMPT_MODIFIER=(A1) PYTHONPATH=/home/argon/Documents/RoboResearch/A2/build/bansal_object_follower/prefix_override:/usr/lib/python3/dist-packages/colcon_core/task/python/colcon_distutils_commands:/home/argon/Documents/RoboResearch/A2/install/bansal_object_follower/lib/python3.10/site-packages:${PYTHONPATH} /usr/bin/python3 -W ignore:setup.py install is deprecated -W ignore:easy_install command is deprecated setup.py egg_info --egg-base ../../build/bansal_object_follower build --build-base /home/argon/Documents/RoboResearch/A2/build/bansal_object_follower/build install --record /home/argon/Documents/RoboResearch/A2/build/bansal_object_follower/install.log --single-version-externally-managed install_data
[1.049s] running egg_info
[1.050s] creating ../../build/bansal_object_follower/bansal_object_follower.egg-info
[1.051s] writing ../../build/bansal_object_follower/bansal_object_follower.egg-info/PKG-INFO
[1.051s] writing dependency_links to ../../build/bansal_object_follower/bansal_object_follower.egg-info/dependency_links.txt
[1.051s] writing entry points to ../../build/bansal_object_follower/bansal_object_follower.egg-info/entry_points.txt
[1.051s] writing requirements to ../../build/bansal_object_follower/bansal_object_follower.egg-info/requires.txt
[1.051s] writing top-level names to ../../build/bansal_object_follower/bansal_object_follower.egg-info/top_level.txt
[1.052s] writing manifest file '../../build/bansal_object_follower/bansal_object_follower.egg-info/SOURCES.txt'
[1.054s] reading manifest file '../../build/bansal_object_follower/bansal_object_follower.egg-info/SOURCES.txt'
[1.055s] adding license file 'LICENSE'
[1.055s] writing manifest file '../../build/bansal_object_follower/bansal_object_follower.egg-info/SOURCES.txt'
[1.055s] running build
[1.055s] running build_py
[1.056s] creating /home/argon/Documents/RoboResearch/A2/build/bansal_object_follower/build
[1.056s] creating /home/argon/Documents/RoboResearch/A2/build/bansal_object_follower/build/lib
[1.056s] creating /home/argon/Documents/RoboResearch/A2/build/bansal_object_follower/build/lib/bansal_object_follower
[1.056s] copying bansal_object_follower/__init__.py -> /home/argon/Documents/RoboResearch/A2/build/bansal_object_follower/build/lib/bansal_object_follower
[1.056s] copying bansal_object_follower/rotate_robot.py -> /home/argon/Documents/RoboResearch/A2/build/bansal_object_follower/build/lib/bansal_object_follower
[1.056s] copying bansal_object_follower/find_object.py -> /home/argon/Documents/RoboResearch/A2/build/bansal_object_follower/build/lib/bansal_object_follower
[1.056s] running install
[1.057s] running install_lib
[1.057s] creating /home/argon/Documents/RoboResearch/A2/install/bansal_object_follower/lib/python3.10/site-packages/bansal_object_follower
[1.058s] copying /home/argon/Documents/RoboResearch/A2/build/bansal_object_follower/build/lib/bansal_object_follower/__init__.py -> /home/argon/Documents/RoboResearch/A2/install/bansal_object_follower/lib/python3.10/site-packages/bansal_object_follower
[1.058s] copying /home/argon/Documents/RoboResearch/A2/build/bansal_object_follower/build/lib/bansal_object_follower/rotate_robot.py -> /home/argon/Documents/RoboResearch/A2/install/bansal_object_follower/lib/python3.10/site-packages/bansal_object_follower
[1.058s] copying /home/argon/Documents/RoboResearch/A2/build/bansal_object_follower/build/lib/bansal_object_follower/find_object.py -> /home/argon/Documents/RoboResearch/A2/install/bansal_object_follower/lib/python3.10/site-packages/bansal_object_follower
[1.058s] byte-compiling /home/argon/Documents/RoboResearch/A2/install/bansal_object_follower/lib/python3.10/site-packages/bansal_object_follower/__init__.py to __init__.cpython-310.pyc
[1.059s] byte-compiling /home/argon/Documents/RoboResearch/A2/install/bansal_object_follower/lib/python3.10/site-packages/bansal_object_follower/rotate_robot.py to rotate_robot.cpython-310.pyc
[1.059s] byte-compiling /home/argon/Documents/RoboResearch/A2/install/bansal_object_follower/lib/python3.10/site-packages/bansal_object_follower/find_object.py to find_object.cpython-310.pyc
[1.059s] running install_data
[1.059s] creating /home/argon/Documents/RoboResearch/A2/install/bansal_object_follower/share/ament_index
[1.059s] creating /home/argon/Documents/RoboResearch/A2/install/bansal_object_follower/share/ament_index/resource_index
[1.060s] creating /home/argon/Documents/RoboResearch/A2/install/bansal_object_follower/share/ament_index/resource_index/packages
[1.060s] copying resource/bansal_object_follower -> /home/argon/Documents/RoboResearch/A2/install/bansal_object_follower/share/ament_index/resource_index/packages
[1.060s] copying package.xml -> /home/argon/Documents/RoboResearch/A2/install/bansal_object_follower/share/bansal_object_follower
[1.060s] running install_egg_info
[1.062s] Copying ../../build/bansal_object_follower/bansal_object_follower.egg-info to /home/argon/Documents/RoboResearch/A2/install/bansal_object_follower/lib/python3.10/site-packages/bansal_object_follower-0.0.0-py3.10.egg-info
[1.063s] running install_scripts
[1.084s] Installing find_object script to /home/argon/Documents/RoboResearch/A2/install/bansal_object_follower/lib/bansal_object_follower
[1.084s] Installing rotate_robot script to /home/argon/Documents/RoboResearch/A2/install/bansal_object_follower/lib/bansal_object_follower
[1.084s] writing list of installed files to '/home/argon/Documents/RoboResearch/A2/build/bansal_object_follower/install.log'
[1.110s] Invoked command in '/home/argon/Documents/RoboResearch/A2/src/bansal_object_follower' returned '0': CONDA_PROMPT_MODIFIER=(A1) PYTHONPATH=/home/argon/Documents/RoboResearch/A2/build/bansal_object_follower/prefix_override:/usr/lib/python3/dist-packages/colcon_core/task/python/colcon_distutils_commands:/home/argon/Documents/RoboResearch/A2/install/bansal_object_follower/lib/python3.10/site-packages:${PYTHONPATH} /usr/bin/python3 -W ignore:setup.py install is deprecated -W ignore:easy_install command is deprecated setup.py egg_info --egg-base ../../build/bansal_object_follower build --build-base /home/argon/Documents/RoboResearch/A2/build/bansal_object_follower/build install --record /home/argon/Documents/RoboResearch/A2/build/bansal_object_follower/install.log --single-version-externally-managed install_data
