[0.112s] DEBUG:colcon:Command line arguments: ['/usr/bin/colcon', 'build', '--symlink-install']
[0.112s] DEBUG:colcon:Parsed command line arguments: Namespace(log_base=None, log_level=None, verb_name='build', build_base='build', install_base='install', merge_install=False, symlink_install=True, test_result_base=None, continue_on_error=False, executor='parallel', parallel_workers=4, event_handlers=None, ignore_user_meta=False, metas=['./colcon.meta'], base_paths=['.'], packages_ignore=None, packages_ignore_regex=None, paths=None, packages_up_to=None, packages_up_to_regex=None, packages_above=None, packages_above_and_dependencies=None, packages_above_depth=None, packages_select_by_dep=None, packages_skip_by_dep=None, packages_skip_up_to=None, packages_select_build_failed=False, packages_skip_build_finished=False, packages_select_test_failures=False, packages_skip_test_passed=False, packages_select=None, packages_skip=None, packages_select_regex=None, packages_skip_regex=None, packages_start=None, packages_end=None, allow_overriding=[], cmake_args=None, cmake_target=None, cmake_target_skip_unavailable=False, cmake_clean_cache=False, cmake_clean_first=False, cmake_force_configure=False, ament_cmake_args=None, catkin_cmake_args=None, catkin_skip_building_tests=False, verb_parser=<colcon_defaults.argument_parser.defaults.DefaultArgumentsDecorator object at 0x7daa2925e200>, verb_extension=<colcon_core.verb.build.BuildVerb object at 0x7daa2935b5e0>, main=<bound method BuildVerb.main of <colcon_core.verb.build.BuildVerb object at 0x7daa2935b5e0>>)
[0.308s] Level 1:colcon.colcon_core.package_discovery:discover_packages(colcon_meta) check parameters
[0.308s] Level 1:colcon.colcon_core.package_discovery:discover_packages(recursive) check parameters
[0.308s] Level 1:colcon.colcon_core.package_discovery:discover_packages(ignore) check parameters
[0.308s] Level 1:colcon.colcon_core.package_discovery:discover_packages(path) check parameters
[0.308s] Level 1:colcon.colcon_core.package_discovery:discover_packages(colcon_meta) discover
[0.308s] Level 1:colcon.colcon_core.package_discovery:discover_packages(recursive) discover
[0.308s] INFO:colcon.colcon_core.package_discovery:Crawling recursively for packages in '/home/argon/Documents/RoboResearch/A2'
[0.308s] Level 1:colcon.colcon_core.package_identification:_identify(.) by extensions ['ignore', 'ignore_ament_install']
[0.308s] Level 1:colcon.colcon_core.package_identification:_identify(.) by extension 'ignore'
[0.308s] Level 1:colcon.colcon_core.package_identification:_identify(.) by extension 'ignore_ament_install'
[0.308s] Level 1:colcon.colcon_core.package_identification:_identify(.) by extensions ['colcon_pkg']
[0.308s] Level 1:colcon.colcon_core.package_identification:_identify(.) by extension 'colcon_pkg'
[0.308s] Level 1:colcon.colcon_core.package_identification:_identify(.) by extensions ['colcon_meta']
[0.308s] Level 1:colcon.colcon_core.package_identification:_identify(.) by extension 'colcon_meta'
[0.309s] Level 1:colcon.colcon_core.package_identification:_identify(.) by extensions ['ros']
[0.309s] Level 1:colcon.colcon_core.package_identification:_identify(.) by extension 'ros'
[0.320s] Level 1:colcon.colcon_core.package_identification:_identify(.) by extensions ['cmake', 'python']
[0.320s] Level 1:colcon.colcon_core.package_identification:_identify(.) by extension 'cmake'
[0.320s] Level 1:colcon.colcon_core.package_identification:_identify(.) by extension 'python'
[0.320s] Level 1:colcon.colcon_core.package_identification:_identify(.) by extensions ['python_setup_py']
[0.320s] Level 1:colcon.colcon_core.package_identification:_identify(.) by extension 'python_setup_py'
[0.320s] Level 1:colcon.colcon_core.package_identification:_identify(build) by extensions ['ignore', 'ignore_ament_install']
[0.320s] Level 1:colcon.colcon_core.package_identification:_identify(build) by extension 'ignore'
[0.320s] Level 1:colcon.colcon_core.package_identification:_identify(build) ignored
[0.320s] Level 1:colcon.colcon_core.package_identification:_identify(install) by extensions ['ignore', 'ignore_ament_install']
[0.320s] Level 1:colcon.colcon_core.package_identification:_identify(install) by extension 'ignore'
[0.321s] Level 1:colcon.colcon_core.package_identification:_identify(install) ignored
[0.321s] Level 1:colcon.colcon_core.package_identification:_identify(log) by extensions ['ignore', 'ignore_ament_install']
[0.321s] Level 1:colcon.colcon_core.package_identification:_identify(log) by extension 'ignore'
[0.321s] Level 1:colcon.colcon_core.package_identification:_identify(log) ignored
[0.321s] Level 1:colcon.colcon_core.package_identification:_identify(src) by extensions ['ignore', 'ignore_ament_install']
[0.321s] Level 1:colcon.colcon_core.package_identification:_identify(src) by extension 'ignore'
[0.321s] Level 1:colcon.colcon_core.package_identification:_identify(src) by extension 'ignore_ament_install'
[0.321s] Level 1:colcon.colcon_core.package_identification:_identify(src) by extensions ['colcon_pkg']
[0.321s] Level 1:colcon.colcon_core.package_identification:_identify(src) by extension 'colcon_pkg'
[0.321s] Level 1:colcon.colcon_core.package_identification:_identify(src) by extensions ['colcon_meta']
[0.321s] Level 1:colcon.colcon_core.package_identification:_identify(src) by extension 'colcon_meta'
[0.321s] Level 1:colcon.colcon_core.package_identification:_identify(src) by extensions ['ros']
[0.321s] Level 1:colcon.colcon_core.package_identification:_identify(src) by extension 'ros'
[0.321s] Level 1:colcon.colcon_core.package_identification:_identify(src) by extensions ['cmake', 'python']
[0.321s] Level 1:colcon.colcon_core.package_identification:_identify(src) by extension 'cmake'
[0.321s] Level 1:colcon.colcon_core.package_identification:_identify(src) by extension 'python'
[0.321s] Level 1:colcon.colcon_core.package_identification:_identify(src) by extensions ['python_setup_py']
[0.321s] Level 1:colcon.colcon_core.package_identification:_identify(src) by extension 'python_setup_py'
[0.321s] Level 1:colcon.colcon_core.package_identification:_identify(src/bansal_object_follower) by extensions ['ignore', 'ignore_ament_install']
[0.322s] Level 1:colcon.colcon_core.package_identification:_identify(src/bansal_object_follower) by extension 'ignore'
[0.322s] Level 1:colcon.colcon_core.package_identification:_identify(src/bansal_object_follower) by extension 'ignore_ament_install'
[0.322s] Level 1:colcon.colcon_core.package_identification:_identify(src/bansal_object_follower) by extensions ['colcon_pkg']
[0.322s] Level 1:colcon.colcon_core.package_identification:_identify(src/bansal_object_follower) by extension 'colcon_pkg'
[0.322s] Level 1:colcon.colcon_core.package_identification:_identify(src/bansal_object_follower) by extensions ['colcon_meta']
[0.322s] Level 1:colcon.colcon_core.package_identification:_identify(src/bansal_object_follower) by extension 'colcon_meta'
[0.322s] Level 1:colcon.colcon_core.package_identification:_identify(src/bansal_object_follower) by extensions ['ros']
[0.322s] Level 1:colcon.colcon_core.package_identification:_identify(src/bansal_object_follower) by extension 'ros'
[0.324s] DEBUG:colcon.colcon_core.package_identification:Package 'src/bansal_object_follower' with type 'ros.ament_python' and name 'bansal_object_follower'
[0.324s] Level 1:colcon.colcon_core.package_discovery:discover_packages(recursive) using defaults
[0.325s] Level 1:colcon.colcon_core.package_discovery:discover_packages(ignore) discover
[0.325s] Level 1:colcon.colcon_core.package_discovery:discover_packages(ignore) using defaults
[0.325s] Level 1:colcon.colcon_core.package_discovery:discover_packages(path) discover
[0.325s] Level 1:colcon.colcon_core.package_discovery:discover_packages(path) using defaults
[0.356s] Level 1:colcon.colcon_core.package_discovery:discover_packages(prefix_path) check parameters
[0.356s] Level 1:colcon.colcon_core.package_discovery:discover_packages(prefix_path) discover
[0.358s] DEBUG:colcon.colcon_installed_package_information.package_discovery:Found 1 installed packages in /home/argon/Documents/RoboResearch/A2/install
[0.359s] DEBUG:colcon.colcon_installed_package_information.package_discovery:Found 16 installed packages in /home/argon/turtlebot3_ws/install
[0.361s] DEBUG:colcon.colcon_installed_package_information.package_discovery:Found 405 installed packages in /opt/ros/humble
[0.363s] Level 1:colcon.colcon_core.package_discovery:discover_packages(prefix_path) using defaults
[0.417s] Level 5:colcon.colcon_core.verb:set package 'bansal_object_follower' build argument 'cmake_args' from command line to 'None'
[0.417s] Level 5:colcon.colcon_core.verb:set package 'bansal_object_follower' build argument 'cmake_target' from command line to 'None'
[0.417s] Level 5:colcon.colcon_core.verb:set package 'bansal_object_follower' build argument 'cmake_target_skip_unavailable' from command line to 'False'
[0.417s] Level 5:colcon.colcon_core.verb:set package 'bansal_object_follower' build argument 'cmake_clean_cache' from command line to 'False'
[0.417s] Level 5:colcon.colcon_core.verb:set package 'bansal_object_follower' build argument 'cmake_clean_first' from command line to 'False'
[0.417s] Level 5:colcon.colcon_core.verb:set package 'bansal_object_follower' build argument 'cmake_force_configure' from command line to 'False'
[0.417s] Level 5:colcon.colcon_core.verb:set package 'bansal_object_follower' build argument 'ament_cmake_args' from command line to 'None'
[0.417s] Level 5:colcon.colcon_core.verb:set package 'bansal_object_follower' build argument 'catkin_cmake_args' from command line to 'None'
[0.417s] Level 5:colcon.colcon_core.verb:set package 'bansal_object_follower' build argument 'catkin_skip_building_tests' from command line to 'False'
[0.417s] DEBUG:colcon.colcon_core.verb:Building package 'bansal_object_follower' with the following arguments: {'ament_cmake_args': None, 'build_base': '/home/argon/Documents/RoboResearch/A2/build/bansal_object_follower', 'catkin_cmake_args': None, 'catkin_skip_building_tests': False, 'cmake_args': None, 'cmake_clean_cache': False, 'cmake_clean_first': False, 'cmake_force_configure': False, 'cmake_target': None, 'cmake_target_skip_unavailable': False, 'install_base': '/home/argon/Documents/RoboResearch/A2/install/bansal_object_follower', 'merge_install': False, 'path': '/home/argon/Documents/RoboResearch/A2/src/bansal_object_follower', 'symlink_install': True, 'test_result_base': None}
[0.417s] INFO:colcon.colcon_core.executor:Executing jobs using 'parallel' executor
[0.418s] DEBUG:colcon.colcon_parallel_executor.executor.parallel:run_until_complete
[0.418s] INFO:colcon.colcon_ros.task.ament_python.build:Building ROS package in '/home/argon/Documents/RoboResearch/A2/src/bansal_object_follower' with build type 'ament_python'
[0.418s] Level 1:colcon.colcon_core.shell:create_environment_hook('bansal_object_follower', 'ament_prefix_path')
[0.421s] INFO:colcon.colcon_core.plugin_system:Skipping extension 'colcon_core.shell.bat': Not used on non-Windows systems
[0.421s] INFO:colcon.colcon_core.shell:Creating environment hook '/home/argon/Documents/RoboResearch/A2/install/bansal_object_follower/share/bansal_object_follower/hook/ament_prefix_path.ps1'
[0.421s] INFO:colcon.colcon_core.shell:Creating environment descriptor '/home/argon/Documents/RoboResearch/A2/install/bansal_object_follower/share/bansal_object_follower/hook/ament_prefix_path.dsv'
[0.422s] INFO:colcon.colcon_core.shell:Creating environment hook '/home/argon/Documents/RoboResearch/A2/install/bansal_object_follower/share/bansal_object_follower/hook/ament_prefix_path.sh'
[0.423s] INFO:colcon.colcon_core.shell:Skip shell extension 'powershell' for command environment: Not usable outside of PowerShell
[0.423s] DEBUG:colcon.colcon_core.shell:Skip shell extension 'dsv' for command environment
[0.725s] INFO:colcon.colcon_core.task.python.build:Building Python package in '/home/argon/Documents/RoboResearch/A2/src/bansal_object_follower'
[0.725s] INFO:colcon.colcon_core.shell:Skip shell extension 'powershell' for command environment: Not usable outside of PowerShell
[0.725s] DEBUG:colcon.colcon_core.shell:Skip shell extension 'dsv' for command environment
[1.125s] DEBUG:colcon.colcon_core.task.python.build:While undoing a previous installation files outside the Python library path are being ignored: /home/argon/Documents/RoboResearch/A2/install/bansal_object_follower/share/ament_index/resource_index/packages/bansal_object_follower
[1.125s] DEBUG:colcon.colcon_core.task.python.build:While undoing a previous installation files outside the Python library path are being ignored: /home/argon/Documents/RoboResearch/A2/install/bansal_object_follower/share/bansal_object_follower/package.xml
[1.126s] DEBUG:colcon.colcon_core.task.python.build:While undoing a previous installation files outside the Python library path are being ignored: /home/argon/Documents/RoboResearch/A2/install/bansal_object_follower/lib/bansal_object_follower/find_object
[1.126s] DEBUG:colcon.colcon_core.task.python.build:While undoing a previous installation files outside the Python library path are being ignored: /home/argon/Documents/RoboResearch/A2/install/bansal_object_follower/lib/bansal_object_follower/rotate_robot
[1.129s] DEBUG:colcon.colcon_core.event_handler.log_command:Invoking command in '/home/argon/Documents/RoboResearch/A2/build/bansal_object_follower': CONDA_PROMPT_MODIFIER=(A1) PYTHONPATH=/home/argon/Documents/RoboResearch/A2/build/bansal_object_follower/prefix_override:/usr/lib/python3/dist-packages/colcon_core/task/python/colcon_distutils_commands:/home/argon/Documents/RoboResearch/A2/install/bansal_object_follower/lib/python3.10/site-packages:${PYTHONPATH} /usr/bin/python3 -W ignore:setup.py install is deprecated -W ignore:easy_install command is deprecated setup.py develop --editable --build-directory /home/argon/Documents/RoboResearch/A2/build/bansal_object_follower/build --no-deps symlink_data --force
[1.641s] Level 1:colcon.colcon_core.shell:create_environment_hook('bansal_object_follower', 'pythonpath_develop')
[1.641s] INFO:colcon.colcon_core.shell:Creating environment hook '/home/argon/Documents/RoboResearch/A2/build/bansal_object_follower/share/bansal_object_follower/hook/pythonpath_develop.ps1'
[1.642s] DEBUG:colcon.colcon_core.event_handler.log_command:Invoked command in '/home/argon/Documents/RoboResearch/A2/build/bansal_object_follower' returned '0': CONDA_PROMPT_MODIFIER=(A1) PYTHONPATH=/home/argon/Documents/RoboResearch/A2/build/bansal_object_follower/prefix_override:/usr/lib/python3/dist-packages/colcon_core/task/python/colcon_distutils_commands:/home/argon/Documents/RoboResearch/A2/install/bansal_object_follower/lib/python3.10/site-packages:${PYTHONPATH} /usr/bin/python3 -W ignore:setup.py install is deprecated -W ignore:easy_install command is deprecated setup.py develop --editable --build-directory /home/argon/Documents/RoboResearch/A2/build/bansal_object_follower/build --no-deps symlink_data --force
[1.642s] INFO:colcon.colcon_core.shell:Creating environment descriptor '/home/argon/Documents/RoboResearch/A2/build/bansal_object_follower/share/bansal_object_follower/hook/pythonpath_develop.dsv'
[1.642s] INFO:colcon.colcon_core.shell:Creating environment hook '/home/argon/Documents/RoboResearch/A2/build/bansal_object_follower/share/bansal_object_follower/hook/pythonpath_develop.sh'
[1.645s] Level 1:colcon.colcon_core.environment:checking '/home/argon/Documents/RoboResearch/A2/install/bansal_object_follower' for CMake module files
[1.646s] Level 1:colcon.colcon_core.environment:checking '/home/argon/Documents/RoboResearch/A2/install/bansal_object_follower' for CMake config files
[1.647s] Level 1:colcon.colcon_core.environment:checking '/home/argon/Documents/RoboResearch/A2/install/bansal_object_follower/lib'
[1.647s] Level 1:colcon.colcon_core.environment:checking '/home/argon/Documents/RoboResearch/A2/install/bansal_object_follower/bin'
[1.647s] Level 1:colcon.colcon_core.environment:checking '/home/argon/Documents/RoboResearch/A2/install/bansal_object_follower/lib/pkgconfig/bansal_object_follower.pc'
[1.647s] Level 1:colcon.colcon_core.environment:checking '/home/argon/Documents/RoboResearch/A2/install/bansal_object_follower/lib/python3.10/site-packages'
[1.648s] Level 1:colcon.colcon_core.shell:create_environment_hook('bansal_object_follower', 'pythonpath')
[1.648s] INFO:colcon.colcon_core.shell:Creating environment hook '/home/argon/Documents/RoboResearch/A2/install/bansal_object_follower/share/bansal_object_follower/hook/pythonpath.ps1'
[1.649s] INFO:colcon.colcon_core.shell:Creating environment descriptor '/home/argon/Documents/RoboResearch/A2/install/bansal_object_follower/share/bansal_object_follower/hook/pythonpath.dsv'
[1.649s] INFO:colcon.colcon_core.shell:Creating environment hook '/home/argon/Documents/RoboResearch/A2/install/bansal_object_follower/share/bansal_object_follower/hook/pythonpath.sh'
[1.651s] Level 1:colcon.colcon_core.environment:checking '/home/argon/Documents/RoboResearch/A2/install/bansal_object_follower/bin'
[1.651s] Level 1:colcon.colcon_core.environment:create_environment_scripts_only(bansal_object_follower)
[1.651s] INFO:colcon.colcon_core.shell:Creating package script '/home/argon/Documents/RoboResearch/A2/install/bansal_object_follower/share/bansal_object_follower/package.ps1'
[1.653s] INFO:colcon.colcon_core.shell:Creating package descriptor '/home/argon/Documents/RoboResearch/A2/install/bansal_object_follower/share/bansal_object_follower/package.dsv'
[1.653s] INFO:colcon.colcon_core.shell:Creating package script '/home/argon/Documents/RoboResearch/A2/install/bansal_object_follower/share/bansal_object_follower/package.sh'
[1.654s] INFO:colcon.colcon_core.shell:Creating package script '/home/argon/Documents/RoboResearch/A2/install/bansal_object_follower/share/bansal_object_follower/package.bash'
[1.655s] INFO:colcon.colcon_core.shell:Creating package script '/home/argon/Documents/RoboResearch/A2/install/bansal_object_follower/share/bansal_object_follower/package.zsh'
[1.656s] Level 1:colcon.colcon_core.environment:create_file_with_runtime_dependencies(/home/argon/Documents/RoboResearch/A2/install/bansal_object_follower/share/colcon-core/packages/bansal_object_follower)
[1.657s] DEBUG:colcon.colcon_parallel_executor.executor.parallel:closing loop
[1.657s] DEBUG:colcon.colcon_parallel_executor.executor.parallel:loop closed
[1.657s] DEBUG:colcon.colcon_parallel_executor.executor.parallel:run_until_complete finished with '0'
[1.657s] DEBUG:colcon.colcon_core.event_reactor:joining thread
[1.664s] INFO:colcon.colcon_core.plugin_system:Skipping extension 'colcon_notification.desktop_notification.terminal_notifier': Not used on non-Darwin systems
[1.664s] INFO:colcon.colcon_core.plugin_system:Skipping extension 'colcon_notification.desktop_notification.win32': Not used on non-Windows systems
[1.664s] INFO:colcon.colcon_notification.desktop_notification:Sending desktop notification using 'notify2'
[1.675s] DEBUG:colcon.colcon_core.event_reactor:joined thread
[1.675s] INFO:colcon.colcon_core.shell:Creating prefix script '/home/argon/Documents/RoboResearch/A2/install/local_setup.ps1'
[1.676s] INFO:colcon.colcon_core.shell:Creating prefix util module '/home/argon/Documents/RoboResearch/A2/install/_local_setup_util_ps1.py'
[1.679s] INFO:colcon.colcon_core.shell:Creating prefix chain script '/home/argon/Documents/RoboResearch/A2/install/setup.ps1'
[1.681s] INFO:colcon.colcon_core.shell:Creating prefix script '/home/argon/Documents/RoboResearch/A2/install/local_setup.sh'
[1.682s] INFO:colcon.colcon_core.shell:Creating prefix util module '/home/argon/Documents/RoboResearch/A2/install/_local_setup_util_sh.py'
[1.682s] INFO:colcon.colcon_core.shell:Creating prefix chain script '/home/argon/Documents/RoboResearch/A2/install/setup.sh'
[1.685s] INFO:colcon.colcon_core.shell:Creating prefix script '/home/argon/Documents/RoboResearch/A2/install/local_setup.bash'
[1.686s] INFO:colcon.colcon_core.shell:Creating prefix chain script '/home/argon/Documents/RoboResearch/A2/install/setup.bash'
[1.690s] INFO:colcon.colcon_core.shell:Creating prefix script '/home/argon/Documents/RoboResearch/A2/install/local_setup.zsh'
[1.691s] INFO:colcon.colcon_core.shell:Creating prefix chain script '/home/argon/Documents/RoboResearch/A2/install/setup.zsh'
