[0.709s] Invoking command in '/home/argon/Documents/RoboResearch/A2/build/bansal_object_follower': CONDA_PROMPT_MODIFIER=(A1) PYTHONPATH=/home/argon/Documents/RoboResearch/A2/build/bansal_object_follower/prefix_override:/usr/lib/python3/dist-packages/colcon_core/task/python/colcon_distutils_commands:/home/argon/Documents/RoboResearch/A2/install/bansal_object_follower/lib/python3.10/site-packages:${PYTHONPATH} /usr/bin/python3 -W ignore:setup.py install is deprecated -W ignore:easy_install command is deprecated setup.py develop --editable --build-directory /home/argon/Documents/RoboResearch/A2/build/bansal_object_follower/build --no-deps symlink_data --force
[1.004s] running develop
[1.188s] running egg_info
[1.188s] writing bansal_object_follower.egg-info/PKG-INFO
[1.188s] writing dependency_links to bansal_object_follower.egg-info/dependency_links.txt
[1.188s] writing entry points to bansal_object_follower.egg-info/entry_points.txt
[1.189s] writing requirements to bansal_object_follower.egg-info/requires.txt
[1.189s] writing top-level names to bansal_object_follower.egg-info/top_level.txt
[1.191s] reading manifest file 'bansal_object_follower.egg-info/SOURCES.txt'
[1.192s] writing manifest file 'bansal_object_follower.egg-info/SOURCES.txt'
[1.194s] running build_ext
[1.194s] Creating /home/argon/Documents/RoboResearch/A2/install/bansal_object_follower/lib/python3.10/site-packages/bansal-object-follower.egg-link (link to .)
[1.195s] Installing find_object script to /home/argon/Documents/RoboResearch/A2/install/bansal_object_follower/lib/bansal_object_follower
[1.195s] Installing rotate_robot script to /home/argon/Documents/RoboResearch/A2/install/bansal_object_follower/lib/bansal_object_follower
[1.195s] 
[1.196s] Installed /home/argon/Documents/RoboResearch/A2/build/bansal_object_follower
[1.196s] running symlink_data
[1.196s] symbolically linking /home/argon/Documents/RoboResearch/A2/build/bansal_object_follower/resource/bansal_object_follower -> /home/argon/Documents/RoboResearch/A2/install/bansal_object_follower/share/ament_index/resource_index/packages
[1.196s] symbolically linking /home/argon/Documents/RoboResearch/A2/build/bansal_object_follower/package.xml -> /home/argon/Documents/RoboResearch/A2/install/bansal_object_follower/share/bansal_object_follower
[1.223s] Invoked command in '/home/argon/Documents/RoboResearch/A2/build/bansal_object_follower' returned '0': CONDA_PROMPT_MODIFIER=(A1) PYTHONPATH=/home/argon/Documents/RoboResearch/A2/build/bansal_object_follower/prefix_override:/usr/lib/python3/dist-packages/colcon_core/task/python/colcon_distutils_commands:/home/argon/Documents/RoboResearch/A2/install/bansal_object_follower/lib/python3.10/site-packages:${PYTHONPATH} /usr/bin/python3 -W ignore:setup.py install is deprecated -W ignore:easy_install command is deprecated setup.py develop --editable --build-directory /home/argon/Documents/RoboResearch/A2/build/bansal_object_follower/build --no-deps symlink_data --force
